<testsuites id="" name="" tests="25" failures="2" skipped="0" errors="0" time="7.304639">
<testsuite name="tests/accessibility.spec.ts" timestamp="2026-02-16T18:11:53.127Z" hostname="chromium" tests="7" failures="2" skipped="0" time="5.279" errors="0">
<testcase name="Accessibility @a11y › setup page has no critical a11y violations" classname="tests/accessibility.spec.ts" time="0.573">
</testcase>
<testcase name="Accessibility @a11y › home page has no critical a11y violations" classname="tests/accessibility.spec.ts" time="1.812">
</testcase>
<testcase name="Accessibility @a11y › contacts page has no critical a11y violations" classname="tests/accessibility.spec.ts" time="0.724">
<failure message="accessibility.spec.ts:43:3 contacts page has no critical a11y violations" type="FAILURE">
<![CDATA[  [chromium] › tests/accessibility.spec.ts:43:3 › Accessibility @a11y › contacts page has no critical a11y violations 

    Error: expect(received).toEqual(expected) // deep equality

    - Expected  -  1
    + Received  + 50

    - Array []
    + Array [
    +   Object {
    +     "description": "Ensure elements with an ARIA role that require child roles contain them",
    +     "help": "Certain ARIA roles must contain particular children",
    +     "helpUrl": "https://dequeuniversity.com/rules/axe/4.11/aria-required-children?application=playwright",
    +     "id": "aria-required-children",
    +     "impact": "critical",
    +     "nodes": Array [
    +       Object {
    +         "all": Array [],
    +         "any": Array [
    +           Object {
    +             "data": Object {
    +               "messageKey": "unallowed",
    +               "values": "[role=status]",
    +             },
    +             "id": "aria-required-children",
    +             "impact": "critical",
    +             "message": "Element has children which are not allowed: [role=status]",
    +             "relatedNodes": Array [
    +               Object {
    +                 "html": "<div class=\"empty-state\" role=\"status\" aria-label=\"No contacts yet. Exchange cards with someone to add contacts.\"><p>No contacts yet</p><button>Exchange</button></div>",
    +                 "target": Array [
    +                   ".empty-state",
    +                 ],
    +               },
    +             ],
    +           },
    +         ],
    +         "failureSummary": "Fix any of the following:
    +   Element has children which are not allowed: [role=status]",
    +         "html": "<div class=\"contacts-list\" role=\"list\" aria-label=\"Contacts list\"><div class=\"empty-state\" role=\"status\" aria-label=\"No contacts yet. Exchange cards with someone to add contacts.\"><p>No contacts yet</p><button>Exchange</button></div></div>",
    +         "impact": "critical",
    +         "none": Array [],
    +         "target": Array [
    +           ".contacts-list",
    +         ],
    +       },
    +     ],
    +     "tags": Array [
    +       "cat.aria",
    +       "wcag2a",
    +       "wcag131",
    +       "EN-301-549",
    +       "EN-9.1.3.1",
    +       "RGAAv4",
    +       "RGAA-9.3.1",
    +     ],
    +   },
    + ]

      52 |     expect(
      53 |       results.violations.filter((v) => v.impact === 'critical')
    > 54 |     ).toEqual([]);
         |       ^
      55 |   });
      56 |
      57 |   test('settings page has no critical a11y violations', async ({ page }) => {
        at /Users/megloff1/Workspace/vauchi-2/desktop/ui/e2e/tests/accessibility.spec.ts:54:7

    attachment #1: screenshot (image/png) ──────────────────────────────────────────────────────────
    ../test-results/tests-accessibility-Access-3aa0e-no-critical-a11y-violations-chromium/test-failed-1.png
    ────────────────────────────────────────────────────────────────────────────────────────────────

    attachment #2: video (video/webm) ──────────────────────────────────────────────────────────────
    ../test-results/tests-accessibility-Access-3aa0e-no-critical-a11y-violations-chromium/video-1.webm
    ────────────────────────────────────────────────────────────────────────────────────────────────

    attachment #3: video (video/webm) ──────────────────────────────────────────────────────────────
    ../test-results/tests-accessibility-Access-3aa0e-no-critical-a11y-violations-chromium/video.webm
    ────────────────────────────────────────────────────────────────────────────────────────────────

    Error Context: ../test-results/tests-accessibility-Access-3aa0e-no-critical-a11y-violations-chromium/error-context.md
]]>
</failure>
<system-out>
<![CDATA[
[[ATTACHMENT|../test-results/tests-accessibility-Access-3aa0e-no-critical-a11y-violations-chromium/test-failed-1.png]]

[[ATTACHMENT|../test-results/tests-accessibility-Access-3aa0e-no-critical-a11y-violations-chromium/video-1.webm]]

[[ATTACHMENT|../test-results/tests-accessibility-Access-3aa0e-no-critical-a11y-violations-chromium/video.webm]]

[[ATTACHMENT|../test-results/tests-accessibility-Access-3aa0e-no-critical-a11y-violations-chromium/error-context.md]]
]]>
</system-out>
</testcase>
<testcase name="Accessibility @a11y › settings page has no critical a11y violations" classname="tests/accessibility.spec.ts" time="0.872">
</testcase>
<testcase name="Accessibility @a11y › exchange page has no critical a11y violations" classname="tests/accessibility.spec.ts" time="0.748">
<failure message="accessibility.spec.ts:71:3 exchange page has no critical a11y violations" type="FAILURE">
<![CDATA[  [chromium] › tests/accessibility.spec.ts:71:3 › Accessibility @a11y › exchange page has no critical a11y violations 

    Error: expect(received).toEqual(expected) // deep equality

    - Expected  -  1
    + Received  + 97

    - Array []
    + Array [
    +   Object {
    +     "description": "Ensure every form element has a label",
    +     "help": "Form elements must have labels",
    +     "helpUrl": "https://dequeuniversity.com/rules/axe/4.11/label?application=playwright",
    +     "id": "label",
    +     "impact": "critical",
    +     "nodes": Array [
    +       Object {
    +         "all": Array [],
    +         "any": Array [
    +           Object {
    +             "data": null,
    +             "id": "implicit-label",
    +             "impact": "critical",
    +             "message": "Element does not have an implicit (wrapped) <label>",
    +             "relatedNodes": Array [],
    +           },
    +           Object {
    +             "data": null,
    +             "id": "explicit-label",
    +             "impact": "critical",
    +             "message": "Element does not have an explicit <label>",
    +             "relatedNodes": Array [],
    +           },
    +           Object {
    +             "data": null,
    +             "id": "aria-label",
    +             "impact": "critical",
    +             "message": "aria-label attribute does not exist or is empty",
    +             "relatedNodes": Array [],
    +           },
    +           Object {
    +             "data": null,
    +             "id": "aria-labelledby",
    +             "impact": "critical",
    +             "message": "aria-labelledby attribute does not exist, references elements that do not exist or references elements that are empty",
    +             "relatedNodes": Array [],
    +           },
    +           Object {
    +             "data": Object {
    +               "messageKey": "noAttr",
    +             },
    +             "id": "non-empty-title",
    +             "impact": "critical",
    +             "message": "Element has no title attribute",
    +             "relatedNodes": Array [],
    +           },
    +           Object {
    +             "data": Object {
    +               "messageKey": "noAttr",
    +             },
    +             "id": "non-empty-placeholder",
    +             "impact": "critical",
    +             "message": "Element has no placeholder attribute",
    +             "relatedNodes": Array [],
    +           },
    +           Object {
    +             "data": null,
    +             "id": "presentational-role",
    +             "impact": "critical",
    +             "message": "Element's default semantics were not overridden with role=\"none\" or role=\"presentation\"",
    +             "relatedNodes": Array [],
    +           },
    +         ],
    +         "failureSummary": "Fix any of the following:
    +   Element does not have an implicit (wrapped) <label>
    +   Element does not have an explicit <label>
    +   aria-label attribute does not exist or is empty
    +   aria-labelledby attribute does not exist, references elements that do not exist or references elements that are empty
    +   Element has no title attribute
    +   Element has no placeholder attribute
    +   Element's default semantics were not overridden with role=\"none\" or role=\"presentation\"",
    +         "html": "<input type=\"text\" readonly=\"\">",
    +         "impact": "critical",
    +         "none": Array [],
    +         "target": Array [
    +           "input[readonly=\"\"]",
    +         ],
    +       },
    +     ],
    +     "tags": Array [
    +       "cat.forms",
    +       "wcag2a",
    +       "wcag412",
    +       "section508",
    +       "section508.22.n",
    +       "TTv5",
    +       "TT5.c",
    +       "EN-301-549",
    +       "EN-9.4.1.2",
    +       "ACT",
    +       "RGAAv4",
    +       "RGAA-11.1.1",
    +     ],
    +   },
    + ]

      80 |     expect(
      81 |       results.violations.filter((v) => v.impact === 'critical')
    > 82 |     ).toEqual([]);
         |       ^
      83 |   });
      84 |
      85 |   test('high contrast mode applies correctly', async ({ page }) => {
        at /Users/megloff1/Workspace/vauchi-2/desktop/ui/e2e/tests/accessibility.spec.ts:82:7

    attachment #1: screenshot (image/png) ──────────────────────────────────────────────────────────
    ../test-results/tests-accessibility-Access-3b65f-no-critical-a11y-violations-chromium/test-failed-1.png
    ────────────────────────────────────────────────────────────────────────────────────────────────

    attachment #2: video (video/webm) ──────────────────────────────────────────────────────────────
    ../test-results/tests-accessibility-Access-3b65f-no-critical-a11y-violations-chromium/video-1.webm
    ────────────────────────────────────────────────────────────────────────────────────────────────

    attachment #3: video (video/webm) ──────────────────────────────────────────────────────────────
    ../test-results/tests-accessibility-Access-3b65f-no-critical-a11y-violations-chromium/video.webm
    ────────────────────────────────────────────────────────────────────────────────────────────────

    Error Context: ../test-results/tests-accessibility-Access-3b65f-no-critical-a11y-violations-chromium/error-context.md
]]>
</failure>
<system-out>
<![CDATA[
[[ATTACHMENT|../test-results/tests-accessibility-Access-3b65f-no-critical-a11y-violations-chromium/test-failed-1.png]]

[[ATTACHMENT|../test-results/tests-accessibility-Access-3b65f-no-critical-a11y-violations-chromium/video-1.webm]]

[[ATTACHMENT|../test-results/tests-accessibility-Access-3b65f-no-critical-a11y-violations-chromium/video.webm]]

[[ATTACHMENT|../test-results/tests-accessibility-Access-3b65f-no-critical-a11y-violations-chromium/error-context.md]]
]]>
</system-out>
</testcase>
<testcase name="Accessibility @a11y › high contrast mode applies correctly" classname="tests/accessibility.spec.ts" time="0.28">
</testcase>
<testcase name="Accessibility @a11y › reduce motion applies correctly" classname="tests/accessibility.spec.ts" time="0.27">
</testcase>
</testsuite>
<testsuite name="tests/app.spec.ts" timestamp="2026-02-16T18:11:53.127Z" hostname="chromium" tests="18" failures="0" skipped="0" time="18.397" errors="0">
<testcase name="Identity Management › should create new identity" classname="tests/app.spec.ts" time="0.28">
</testcase>
<testcase name="Identity Management › should display user identity information" classname="tests/app.spec.ts" time="0.229">
</testcase>
<testcase name="Identity Management › should add fields to identity" classname="tests/app.spec.ts" time="1.369">
</testcase>
<testcase name="Identity Management › should update existing field" classname="tests/app.spec.ts" time="2.252">
</testcase>
<testcase name="Identity Management › should remove field from identity" classname="tests/app.spec.ts" time="1.963">
</testcase>
<testcase name="Contact Exchange › should generate QR code for exchange" classname="tests/app.spec.ts" time="1.384">
</testcase>
<testcase name="Contact Exchange › should complete contact exchange" classname="tests/app.spec.ts" time="1.566">
</testcase>
<testcase name="Contact Exchange › should show exchange page elements" classname="tests/app.spec.ts" time="1.367">
</testcase>
<testcase name="Contact Management › should display contact list" classname="tests/app.spec.ts" time="0.431">
</testcase>
<testcase name="Contact Management › should search contacts" classname="tests/app.spec.ts" time="1.749">
</testcase>
<testcase name="Contact Management › should remove contact" classname="tests/app.spec.ts" time="1.085">
</testcase>
<testcase name="Backup and Recovery › should create backup" classname="tests/app.spec.ts" time="1.466">
</testcase>
<testcase name="Backup and Recovery › should validate backup password length" classname="tests/app.spec.ts" time="2.083">
</testcase>
<testcase name="Settings and Configuration › should display settings page" classname="tests/app.spec.ts" time="0.271">
</testcase>
<testcase name="Settings and Configuration › should display application info" classname="tests/app.spec.ts" time="0.194">
</testcase>
<testcase name="Accessibility › should meet basic accessibility standards" classname="tests/app.spec.ts" time="0.207">
</testcase>
<testcase name="Accessibility › should support screen readers" classname="tests/app.spec.ts" time="0.193">
</testcase>
<testcase name="Navigation › should navigate between all pages" classname="tests/app.spec.ts" time="0.308">
</testcase>
</testsuite>
</testsuites>